<?xml version="1.0" encoding="UTF-8"?>
<!-- Generated by org.testng.reporters.JUnitReportReporter -->
<testsuite skipped="0" hostname="DESKTOP-RMDKVPV" name="tests.GooglePageClassTest" tests="1" failures="0" timestamp="2021-04-10T22:15:17 EET" time="1.450" errors="0">
  <testcase name="Test1" time="1.450" classname="tests.GooglePageClassTest"/>
  <system-out/>
</testsuite> <!-- tests.GooglePageClassTest -->
